2022-12-22 18:46:00,881 --- LOGGING IN AS naveenb__ ---
2022-12-22 18:46:01,247 naveenb__ [200] POST https://i.instagram.com/api/v1/accounts/contact_point_prefill/ (203.0.0.29.118, Xiaomi MI 5s)
2022-12-22 18:46:01,623 naveenb__ [200] POST https://i.instagram.com/api/v1/launcher/sync/ (203.0.0.29.118, Xiaomi MI 5s)
2022-12-22 18:46:04,880 naveenb__ [200] POST https://i.instagram.com/api/v1/accounts/login/ (203.0.0.29.118, Xiaomi MI 5s)
2022-12-22 18:46:07,001 naveenb__ [200] POST https://i.instagram.com/api/v1/feed/reels_tray/ (203.0.0.29.118, Xiaomi MI 5s)
2022-12-22 18:46:09,835 naveenb__ [200] POST https://i.instagram.com/api/v1/feed/timeline/ (203.0.0.29.118, Xiaomi MI 5s)
2022-12-22 18:46:11,814 naveenb__ [200] GET https://i.instagram.com/api/v1/friendships/1474922341/followers/?max_id=&count=10000&rank_token=1474922341_59e6b0e7-eb45-4d86-aa7c-807a9357dc76&search_surface=follow_list_page&query=&enable_groups=true (203.0.0.29.118, Xiaomi MI 5s)
2022-12-22 18:46:13,761 naveenb__ [200] GET https://i.instagram.com/api/v1/friendships/1474922341/following/?rank_token=1474922341_59e6b0e7-eb45-4d86-aa7c-807a9357dc76&search_surface=follow_list_page&includes_hashtags=true&enable_groups=true&query=&count=10000 (203.0.0.29.118, Xiaomi MI 5s)
2022-12-22 18:46:15,656 naveenb__ [200] GET https://i.instagram.com/api/v1/users/markdohner/usernameinfo/ (203.0.0.29.118, Xiaomi MI 5s)
2022-12-22 18:46:17,496 naveenb__ [200] GET https://i.instagram.com/api/v1/users/jordan.mcewen/usernameinfo/ (203.0.0.29.118, Xiaomi MI 5s)
2022-12-22 18:46:19,998 naveenb__ [200] GET https://i.instagram.com/api/v1/users/shelbychurch/usernameinfo/ (203.0.0.29.118, Xiaomi MI 5s)
2022-12-22 18:46:22,044 naveenb__ [200] GET https://i.instagram.com/api/v1/users/vishen/usernameinfo/ (203.0.0.29.118, Xiaomi MI 5s)
2022-12-22 18:46:23,907 naveenb__ [200] GET https://i.instagram.com/api/v1/users/itsdougthepug/usernameinfo/ (203.0.0.29.118, Xiaomi MI 5s)
2022-12-22 18:46:25,737 naveenb__ [200] GET https://i.instagram.com/api/v1/users/audiphotography/usernameinfo/ (203.0.0.29.118, Xiaomi MI 5s)
2022-12-22 18:46:27,448 naveenb__ [200] GET https://i.instagram.com/api/v1/users/dolphindronedom/usernameinfo/ (203.0.0.29.118, Xiaomi MI 5s)
2022-12-22 18:46:29,141 naveenb__ [200] GET https://i.instagram.com/api/v1/users/thedaniellecampbell/usernameinfo/ (203.0.0.29.118, Xiaomi MI 5s)
2022-12-22 18:46:30,814 naveenb__ [200] GET https://i.instagram.com/api/v1/users/mimikeene3/usernameinfo/ (203.0.0.29.118, Xiaomi MI 5s)
2022-12-22 18:46:32,437 naveenb__ [200] GET https://i.instagram.com/api/v1/users/madisonbeer/usernameinfo/ (203.0.0.29.118, Xiaomi MI 5s)
2022-12-22 18:46:34,098 naveenb__ [200] GET https://i.instagram.com/api/v1/users/sarahhyland/usernameinfo/ (203.0.0.29.118, Xiaomi MI 5s)
2022-12-22 18:46:35,806 naveenb__ [200] GET https://i.instagram.com/api/v1/users/danbilzerian/usernameinfo/ (203.0.0.29.118, Xiaomi MI 5s)
2022-12-22 18:46:37,644 naveenb__ [200] GET https://i.instagram.com/api/v1/users/rosiehw/usernameinfo/ (203.0.0.29.118, Xiaomi MI 5s)
2022-12-22 18:46:39,335 naveenb__ [200] GET https://i.instagram.com/api/v1/users/samantharuthprabhuoffl/usernameinfo/ (203.0.0.29.118, Xiaomi MI 5s)
2022-12-22 18:46:40,979 naveenb__ [200] GET https://i.instagram.com/api/v1/users/kyliejenner/usernameinfo/ (203.0.0.29.118, Xiaomi MI 5s)
2022-12-22 18:46:42,737 naveenb__ [200] GET https://i.instagram.com/api/v1/users/iansomerhalder/usernameinfo/ (203.0.0.29.118, Xiaomi MI 5s)
2022-12-22 18:46:45,164 naveenb__ [200] GET https://i.instagram.com/api/v1/users/theellenshow/usernameinfo/ (203.0.0.29.118, Xiaomi MI 5s)
2022-12-22 18:46:47,012 naveenb__ [200] GET https://i.instagram.com/api/v1/users/cristiano/usernameinfo/ (203.0.0.29.118, Xiaomi MI 5s)
2022-12-22 18:46:48,718 naveenb__ [200] GET https://i.instagram.com/api/v1/users/selenagomez/usernameinfo/ (203.0.0.29.118, Xiaomi MI 5s)
2022-12-22 18:46:50,388 naveenb__ [200] GET https://i.instagram.com/api/v1/users/leomessi/usernameinfo/ (203.0.0.29.118, Xiaomi MI 5s)
2022-12-22 18:46:51,643 naveenb__ [429] GET https://i.instagram.com/api/v1/users/therock/usernameinfo/ (203.0.0.29.118, Xiaomi MI 5s)
2022-12-22 18:46:51,643 Status 429: Too many requests
2022-12-22 18:46:51,643 Please wait a few minutes before you try again.
2022-12-22 18:46:51,643 Setting proxy and trying again (therock) will be skipped
2022-12-22 18:46:51,644 {'http': 'http://aaunffrn:lrt42yjm4uxd@45.94.47.66:8110', 'https': 'http://aaunffrn:lrt42yjm4uxd@45.94.47.66:8110'}
2022-12-22 18:46:53,797 naveenb__ [429] GET https://i.instagram.com/api/v1/users/nasa/usernameinfo/ (203.0.0.29.118, Xiaomi MI 5s)
2022-12-22 18:46:53,797 Status 429: Too many requests
2022-12-22 18:46:53,798 Please wait a few minutes before you try again.
2022-12-22 18:46:53,798 Setting proxy and trying again (nasa) will be skipped
2022-12-22 18:46:53,798 {'http': 'http://aaunffrn:lrt42yjm4uxd@188.74.210.21:6100', 'https': 'http://aaunffrn:lrt42yjm4uxd@188.74.210.21:6100'}
2022-12-22 18:46:56,066 naveenb__ [429] GET https://i.instagram.com/api/v1/users/samishka_s/usernameinfo/ (203.0.0.29.118, Xiaomi MI 5s)
2022-12-22 18:46:56,066 Status 429: Too many requests
2022-12-22 18:46:56,066 Please wait a few minutes before you try again.
2022-12-22 18:46:56,066 Setting proxy and trying again (samishka_s) will be skipped
2022-12-22 18:46:56,066 {'http': 'http://aaunffrn:lrt42yjm4uxd@45.94.47.66:8110', 'https': 'http://aaunffrn:lrt42yjm4uxd@45.94.47.66:8110'}
2022-12-22 18:46:57,339 naveenb__ [429] GET https://i.instagram.com/api/v1/users/itspradabitchh/usernameinfo/ (203.0.0.29.118, Xiaomi MI 5s)
2022-12-22 18:46:57,339 Status 429: Too many requests
2022-12-22 18:46:57,339 Please wait a few minutes before you try again.
2022-12-22 18:46:57,340 Setting proxy and trying again (itspradabitchh) will be skipped
2022-12-22 18:46:57,340 {'http': 'http://aaunffrn:lrt42yjm4uxd@45.94.47.66:8110', 'https': 'http://aaunffrn:lrt42yjm4uxd@45.94.47.66:8110'}
2022-12-22 18:46:58,618 naveenb__ [429] GET https://i.instagram.com/api/v1/users/harveena.k/usernameinfo/ (203.0.0.29.118, Xiaomi MI 5s)
2022-12-22 18:46:58,618 Status 429: Too many requests
2022-12-22 18:46:58,618 Please wait a few minutes before you try again.
2022-12-22 18:46:58,618 Setting proxy and trying again (harveena.k) will be skipped
2022-12-22 18:46:58,619 {'http': 'http://aaunffrn:lrt42yjm4uxd@154.95.36.199:6893', 'https': 'http://aaunffrn:lrt42yjm4uxd@154.95.36.199:6893'}
2022-12-22 18:46:58,626 LOG File attached
2022-12-22 18:47:02,382 Email Sent
2022-12-22 18:47:48,933 --- LOGGING IN AS naveenb__ ---
2022-12-22 18:47:51,253 naveenb__ [200] GET https://i.instagram.com/api/v1/friendships/1474922341/followers/?max_id=&count=10000&rank_token=1474922341_59e6b0e7-eb45-4d86-aa7c-807a9357dc76&search_surface=follow_list_page&query=&enable_groups=true (203.0.0.29.118, Xiaomi MI 5s)
2022-12-22 18:47:53,641 naveenb__ [200] GET https://i.instagram.com/api/v1/friendships/1474922341/following/?rank_token=1474922341_59e6b0e7-eb45-4d86-aa7c-807a9357dc76&search_surface=follow_list_page&includes_hashtags=true&enable_groups=true&query=&count=10000 (203.0.0.29.118, Xiaomi MI 5s)
2022-12-22 18:47:55,085 naveenb__ [403] GET https://i.instagram.com/api/v1/users/markdohner/usernameinfo/ (203.0.0.29.118, Xiaomi MI 5s)
2022-12-22 18:47:55,085 Error while iterating (will be skipped) markdohner : login_required
2022-12-22 18:47:56,357 naveenb__ [403] GET https://i.instagram.com/api/v1/users/jordan.mcewen/usernameinfo/ (203.0.0.29.118, Xiaomi MI 5s)
2022-12-22 18:47:56,357 Error while iterating (will be skipped) jordan.mcewen : login_required
2022-12-22 18:47:57,662 naveenb__ [403] GET https://i.instagram.com/api/v1/users/shelbychurch/usernameinfo/ (203.0.0.29.118, Xiaomi MI 5s)
2022-12-22 18:47:57,663 Error while iterating (will be skipped) shelbychurch : login_required
2022-12-22 18:47:58,989 naveenb__ [403] GET https://i.instagram.com/api/v1/users/vishen/usernameinfo/ (203.0.0.29.118, Xiaomi MI 5s)
2022-12-22 18:47:58,989 Error while iterating (will be skipped) vishen : login_required
2022-12-22 18:48:00,285 naveenb__ [403] GET https://i.instagram.com/api/v1/users/itsdougthepug/usernameinfo/ (203.0.0.29.118, Xiaomi MI 5s)
2022-12-22 18:48:00,285 Error while iterating (will be skipped) itsdougthepug : login_required
2022-12-22 18:48:01,561 naveenb__ [403] GET https://i.instagram.com/api/v1/users/audiphotography/usernameinfo/ (203.0.0.29.118, Xiaomi MI 5s)
2022-12-22 18:48:01,561 Error while iterating (will be skipped) audiphotography : login_required
2022-12-22 18:48:02,842 naveenb__ [403] GET https://i.instagram.com/api/v1/users/dolphindronedom/usernameinfo/ (203.0.0.29.118, Xiaomi MI 5s)
2022-12-22 18:48:02,842 Error while iterating (will be skipped) dolphindronedom : login_required
2022-12-22 18:48:04,111 naveenb__ [403] GET https://i.instagram.com/api/v1/users/thedaniellecampbell/usernameinfo/ (203.0.0.29.118, Xiaomi MI 5s)
2022-12-22 18:48:04,111 Error while iterating (will be skipped) thedaniellecampbell : login_required
2022-12-22 18:48:05,412 naveenb__ [403] GET https://i.instagram.com/api/v1/users/mimikeene3/usernameinfo/ (203.0.0.29.118, Xiaomi MI 5s)
2022-12-22 18:48:05,412 Error while iterating (will be skipped) mimikeene3 : login_required
2022-12-22 18:48:06,686 naveenb__ [403] GET https://i.instagram.com/api/v1/users/madisonbeer/usernameinfo/ (203.0.0.29.118, Xiaomi MI 5s)
2022-12-22 18:48:06,686 Error while iterating (will be skipped) madisonbeer : login_required
2022-12-22 18:48:07,979 naveenb__ [403] GET https://i.instagram.com/api/v1/users/sarahhyland/usernameinfo/ (203.0.0.29.118, Xiaomi MI 5s)
2022-12-22 18:48:07,979 Error while iterating (will be skipped) sarahhyland : login_required
2022-12-22 18:48:09,300 naveenb__ [403] GET https://i.instagram.com/api/v1/users/danbilzerian/usernameinfo/ (203.0.0.29.118, Xiaomi MI 5s)
2022-12-22 18:48:09,300 Error while iterating (will be skipped) danbilzerian : login_required
2022-12-22 18:48:10,590 naveenb__ [403] GET https://i.instagram.com/api/v1/users/rosiehw/usernameinfo/ (203.0.0.29.118, Xiaomi MI 5s)
2022-12-22 18:48:10,590 Error while iterating (will be skipped) rosiehw : login_required
2022-12-22 18:50:24,392 --- LOGGING IN AS naveenb__ ---
2022-12-22 18:50:25,767 naveenb__ [403] GET https://i.instagram.com/api/v1/friendships/1474922341/followers/?max_id=&count=10000&rank_token=1474922341_59e6b0e7-eb45-4d86-aa7c-807a9357dc76&search_surface=follow_list_page&query=&enable_groups=true (203.0.0.29.118, Xiaomi MI 5s)
2022-12-22 18:50:25,768 login_required
Traceback (most recent call last):
  File "C:\Users\bhara\AppData\Local\Programs\Python\Python311\Lib\site-packages\instagrapi\mixins\private.py", line 302, in _send_private_request
    response.raise_for_status()
  File "C:\Users\bhara\AppData\Local\Programs\Python\Python311\Lib\site-packages\requests\models.py", line 1021, in raise_for_status
    raise HTTPError(http_error_msg, response=self)
requests.exceptions.HTTPError: 403 Client Error: Forbidden for url: https://i.instagram.com/api/v1/friendships/1474922341/followers/?max_id=&count=10000&rank_token=1474922341_59e6b0e7-eb45-4d86-aa7c-807a9357dc76&search_surface=follow_list_page&query=&enable_groups=true

During handling of the above exception, another exception occurred:

Traceback (most recent call last):
  File "D:\OTHER FILES D\CS ALL FOLD\Python own projects\balance_ig_following\ig.py", line 118, in balance
    followers = self.followers()
                ^^^^^^^^^^^^^^^^
  File "D:\OTHER FILES D\CS ALL FOLD\Python own projects\balance_ig_following\ig.py", line 98, in followers
    followers = self.cl.user_followers_v1(self.id)
                ^^^^^^^^^^^^^^^^^^^^^^^^^^^^^^^^^^
  File "C:\Users\bhara\AppData\Local\Programs\Python\Python311\Lib\site-packages\instagrapi\mixins\user.py", line 725, in user_followers_v1
    users, _ = self.user_followers_v1_chunk(str(user_id), amount)
               ^^^^^^^^^^^^^^^^^^^^^^^^^^^^^^^^^^^^^^^^^^^^^^^^^^
  File "C:\Users\bhara\AppData\Local\Programs\Python\Python311\Lib\site-packages\instagrapi\mixins\user.py", line 690, in user_followers_v1_chunk
    result = self.private_request(f"friendships/{user_id}/followers/", params={
             ^^^^^^^^^^^^^^^^^^^^^^^^^^^^^^^^^^^^^^^^^^^^^^^^^^^^^^^^^^^^^^^^^^
  File "C:\Users\bhara\AppData\Local\Programs\Python\Python311\Lib\site-packages\instagrapi\mixins\private.py", line 451, in private_request
    raise e
  File "C:\Users\bhara\AppData\Local\Programs\Python\Python311\Lib\site-packages\instagrapi\mixins\private.py", line 438, in private_request
    self._send_private_request(endpoint, **kwargs)
  File "C:\Users\bhara\AppData\Local\Programs\Python\Python311\Lib\site-packages\instagrapi\mixins\private.py", line 327, in _send_private_request
    raise LoginRequired(response=e.response, **last_json)
instagrapi.exceptions.LoginRequired: login_required
2022-12-22 18:50:25,778 LOG File attached
2022-12-22 18:50:29,520 Email Sent
2022-12-22 18:51:38,032 --- LOGGING IN AS naveenb__ ---
2022-12-22 18:51:39,359 naveenb__ [403] GET https://i.instagram.com/api/v1/friendships/1474922341/followers/?max_id=&count=10000&rank_token=1474922341_59e6b0e7-eb45-4d86-aa7c-807a9357dc76&search_surface=follow_list_page&query=&enable_groups=true (203.0.0.29.118, Xiaomi MI 5s)
2022-12-22 18:51:39,359 login_required
Traceback (most recent call last):
  File "C:\Users\bhara\AppData\Local\Programs\Python\Python311\Lib\site-packages\instagrapi\mixins\private.py", line 302, in _send_private_request
    response.raise_for_status()
  File "C:\Users\bhara\AppData\Local\Programs\Python\Python311\Lib\site-packages\requests\models.py", line 1021, in raise_for_status
    raise HTTPError(http_error_msg, response=self)
requests.exceptions.HTTPError: 403 Client Error: Forbidden for url: https://i.instagram.com/api/v1/friendships/1474922341/followers/?max_id=&count=10000&rank_token=1474922341_59e6b0e7-eb45-4d86-aa7c-807a9357dc76&search_surface=follow_list_page&query=&enable_groups=true

During handling of the above exception, another exception occurred:

Traceback (most recent call last):
  File "D:\OTHER FILES D\CS ALL FOLD\Python own projects\balance_ig_following\ig.py", line 121, in balance
    followers = self.followers()
                ^^^^^^^^^^^^^^^^
  File "D:\OTHER FILES D\CS ALL FOLD\Python own projects\balance_ig_following\ig.py", line 101, in followers
    followers = self.cl.user_followers_v1(self.id)
                ^^^^^^^^^^^^^^^^^^^^^^^^^^^^^^^^^^
  File "C:\Users\bhara\AppData\Local\Programs\Python\Python311\Lib\site-packages\instagrapi\mixins\user.py", line 725, in user_followers_v1
    users, _ = self.user_followers_v1_chunk(str(user_id), amount)
               ^^^^^^^^^^^^^^^^^^^^^^^^^^^^^^^^^^^^^^^^^^^^^^^^^^
  File "C:\Users\bhara\AppData\Local\Programs\Python\Python311\Lib\site-packages\instagrapi\mixins\user.py", line 690, in user_followers_v1_chunk
    result = self.private_request(f"friendships/{user_id}/followers/", params={
             ^^^^^^^^^^^^^^^^^^^^^^^^^^^^^^^^^^^^^^^^^^^^^^^^^^^^^^^^^^^^^^^^^^
  File "C:\Users\bhara\AppData\Local\Programs\Python\Python311\Lib\site-packages\instagrapi\mixins\private.py", line 451, in private_request
    raise e
  File "C:\Users\bhara\AppData\Local\Programs\Python\Python311\Lib\site-packages\instagrapi\mixins\private.py", line 438, in private_request
    self._send_private_request(endpoint, **kwargs)
  File "C:\Users\bhara\AppData\Local\Programs\Python\Python311\Lib\site-packages\instagrapi\mixins\private.py", line 327, in _send_private_request
    raise LoginRequired(response=e.response, **last_json)
instagrapi.exceptions.LoginRequired: login_required
2022-12-22 18:52:33,770 --- LOGGING IN AS naveenb__ ---
2022-12-22 18:52:35,129 naveenb__ [403] GET https://i.instagram.com/api/v1/friendships/1474922341/followers/?max_id=&count=10000&rank_token=1474922341_59e6b0e7-eb45-4d86-aa7c-807a9357dc76&search_surface=follow_list_page&query=&enable_groups=true (203.0.0.29.118, Xiaomi MI 5s)
2022-12-22 18:52:35,129 login_required
Traceback (most recent call last):
  File "C:\Users\bhara\AppData\Local\Programs\Python\Python311\Lib\site-packages\instagrapi\mixins\private.py", line 302, in _send_private_request
    response.raise_for_status()
  File "C:\Users\bhara\AppData\Local\Programs\Python\Python311\Lib\site-packages\requests\models.py", line 1021, in raise_for_status
    raise HTTPError(http_error_msg, response=self)
requests.exceptions.HTTPError: 403 Client Error: Forbidden for url: https://i.instagram.com/api/v1/friendships/1474922341/followers/?max_id=&count=10000&rank_token=1474922341_59e6b0e7-eb45-4d86-aa7c-807a9357dc76&search_surface=follow_list_page&query=&enable_groups=true

During handling of the above exception, another exception occurred:

Traceback (most recent call last):
  File "D:\OTHER FILES D\CS ALL FOLD\Python own projects\balance_ig_following\ig.py", line 118, in balance
    followers = self.followers()
                ^^^^^^^^^^^^^^^^
  File "D:\OTHER FILES D\CS ALL FOLD\Python own projects\balance_ig_following\ig.py", line 98, in followers
    followers = self.cl.user_followers_v1(self.id)
                ^^^^^^^^^^^^^^^^^^^^^^^^^^^^^^^^^^
  File "C:\Users\bhara\AppData\Local\Programs\Python\Python311\Lib\site-packages\instagrapi\mixins\user.py", line 725, in user_followers_v1
    users, _ = self.user_followers_v1_chunk(str(user_id), amount)
               ^^^^^^^^^^^^^^^^^^^^^^^^^^^^^^^^^^^^^^^^^^^^^^^^^^
  File "C:\Users\bhara\AppData\Local\Programs\Python\Python311\Lib\site-packages\instagrapi\mixins\user.py", line 690, in user_followers_v1_chunk
    result = self.private_request(f"friendships/{user_id}/followers/", params={
             ^^^^^^^^^^^^^^^^^^^^^^^^^^^^^^^^^^^^^^^^^^^^^^^^^^^^^^^^^^^^^^^^^^
  File "C:\Users\bhara\AppData\Local\Programs\Python\Python311\Lib\site-packages\instagrapi\mixins\private.py", line 451, in private_request
    raise e
  File "C:\Users\bhara\AppData\Local\Programs\Python\Python311\Lib\site-packages\instagrapi\mixins\private.py", line 438, in private_request
    self._send_private_request(endpoint, **kwargs)
  File "C:\Users\bhara\AppData\Local\Programs\Python\Python311\Lib\site-packages\instagrapi\mixins\private.py", line 327, in _send_private_request
    raise LoginRequired(response=e.response, **last_json)
instagrapi.exceptions.LoginRequired: login_required
2022-12-22 18:53:47,288 --- LOGGING IN AS naveenb__ ---
2022-12-22 18:53:48,633 naveenb__ [403] GET https://i.instagram.com/api/v1/friendships/1474922341/followers/?max_id=&count=10000&rank_token=1474922341_59e6b0e7-eb45-4d86-aa7c-807a9357dc76&search_surface=follow_list_page&query=&enable_groups=true (203.0.0.29.118, Xiaomi MI 5s)
2022-12-22 18:53:48,633 login_required.....
2022-12-22 18:53:48,633 --- LOGGING IN AS naveenb__ ---
2022-12-22 18:54:09,644 --- LOGGING IN AS naveenb__ ---
2022-12-22 18:54:10,965 naveenb__ [403] GET https://i.instagram.com/api/v1/friendships/1474922341/followers/?max_id=&count=10000&rank_token=1474922341_59e6b0e7-eb45-4d86-aa7c-807a9357dc76&search_surface=follow_list_page&query=&enable_groups=true (203.0.0.29.118, Xiaomi MI 5s)
2022-12-22 18:54:10,966 login_required.....
2022-12-22 18:54:10,966 --- LOGGING IN AS naveenb__ ---
2022-12-22 18:56:54,778 --- LOGGING IN AS naveenb__ ---
2022-12-22 18:56:56,155 naveenb__ [403] GET https://i.instagram.com/api/v1/friendships/1474922341/followers/?max_id=&count=10000&rank_token=1474922341_59e6b0e7-eb45-4d86-aa7c-807a9357dc76&search_surface=follow_list_page&query=&enable_groups=true (203.0.0.29.118, Xiaomi MI 5s)
2022-12-22 18:56:56,156 login_required
2022-12-22 18:56:56,156 Deleted session
2022-12-22 18:56:59,287 --- LOGGING IN AS naveenb__ ---
2022-12-22 18:56:59,669 naveenb__ [200] POST https://i.instagram.com/api/v1/accounts/contact_point_prefill/ (203.0.0.29.118, Xiaomi MI 5s)
2022-12-22 18:57:00,058 naveenb__ [200] POST https://i.instagram.com/api/v1/launcher/sync/ (203.0.0.29.118, Xiaomi MI 5s)
2022-12-22 18:57:03,201 naveenb__ [200] POST https://i.instagram.com/api/v1/accounts/login/ (203.0.0.29.118, Xiaomi MI 5s)
2022-12-22 18:57:05,398 naveenb__ [200] POST https://i.instagram.com/api/v1/feed/reels_tray/ (203.0.0.29.118, Xiaomi MI 5s)
2022-12-22 18:57:08,294 naveenb__ [200] POST https://i.instagram.com/api/v1/feed/timeline/ (203.0.0.29.118, Xiaomi MI 5s)
2022-12-22 18:57:10,539 naveenb__ [200] GET https://i.instagram.com/api/v1/friendships/1474922341/followers/?max_id=&count=10000&rank_token=1474922341_abc2d58c-17cf-44ca-b9ec-0412977bb618&search_surface=follow_list_page&query=&enable_groups=true (203.0.0.29.118, Xiaomi MI 5s)
2022-12-22 18:57:12,664 naveenb__ [200] GET https://i.instagram.com/api/v1/friendships/1474922341/following/?rank_token=1474922341_abc2d58c-17cf-44ca-b9ec-0412977bb618&search_surface=follow_list_page&includes_hashtags=true&enable_groups=true&query=&count=10000 (203.0.0.29.118, Xiaomi MI 5s)
2022-12-22 18:57:14,480 naveenb__ [200] GET https://i.instagram.com/api/v1/users/markdohner/usernameinfo/ (203.0.0.29.118, Xiaomi MI 5s)
2022-12-22 18:57:15,725 naveenb__ [429] GET https://i.instagram.com/api/v1/users/jordan.mcewen/usernameinfo/ (203.0.0.29.118, Xiaomi MI 5s)
2022-12-22 18:57:15,725 Status 429: Too many requests
2022-12-22 18:57:15,725 Please wait a few minutes before you try again.
2022-12-22 18:57:15,726 Setting proxy and trying again (jordan.mcewen) will be skipped
2022-12-22 18:57:15,726 {'http': 'http://aaunffrn:lrt42yjm4uxd@185.199.229.156:7492', 'https': 'http://aaunffrn:lrt42yjm4uxd@185.199.229.156:7492'}
2022-12-22 18:57:18,192 naveenb__ [429] GET https://i.instagram.com/api/v1/users/shelbychurch/usernameinfo/ (203.0.0.29.118, Xiaomi MI 5s)
2022-12-22 18:57:18,192 Status 429: Too many requests
2022-12-22 18:57:18,192 Please wait a few minutes before you try again.
2022-12-22 18:57:18,192 Setting proxy and trying again (shelbychurch) will be skipped
2022-12-22 18:57:18,193 {'http': 'http://aaunffrn:lrt42yjm4uxd@188.74.183.10:8279', 'https': 'http://aaunffrn:lrt42yjm4uxd@188.74.183.10:8279'}
2022-12-22 18:57:20,458 naveenb__ [429] GET https://i.instagram.com/api/v1/users/vishen/usernameinfo/ (203.0.0.29.118, Xiaomi MI 5s)
2022-12-22 18:57:20,458 Status 429: Too many requests
2022-12-22 18:57:20,458 Please wait a few minutes before you try again.
2022-12-22 18:57:20,458 Setting proxy and trying again (vishen) will be skipped
2022-12-22 18:57:20,459 {'http': 'http://aaunffrn:lrt42yjm4uxd@45.155.68.129:8133', 'https': 'http://aaunffrn:lrt42yjm4uxd@45.155.68.129:8133'}
2022-12-22 18:57:22,550 naveenb__ [429] GET https://i.instagram.com/api/v1/users/itsdougthepug/usernameinfo/ (203.0.0.29.118, Xiaomi MI 5s)
2022-12-22 18:57:22,550 Status 429: Too many requests
2022-12-22 18:57:22,550 Please wait a few minutes before you try again.
2022-12-22 18:57:22,550 Setting proxy and trying again (itsdougthepug) will be skipped
2022-12-22 18:57:22,550 {'http': 'http://aaunffrn:lrt42yjm4uxd@185.199.229.156:7492', 'https': 'http://aaunffrn:lrt42yjm4uxd@185.199.229.156:7492'}
2022-12-22 18:57:23,924 naveenb__ [429] GET https://i.instagram.com/api/v1/users/audiphotography/usernameinfo/ (203.0.0.29.118, Xiaomi MI 5s)
2022-12-22 18:57:23,924 Status 429: Too many requests
2022-12-22 18:57:23,924 Please wait a few minutes before you try again.
2022-12-22 18:57:23,924 Setting proxy and trying again (audiphotography) will be skipped
2022-12-22 18:57:23,924 {'http': 'http://aaunffrn:lrt42yjm4uxd@45.94.47.66:8110', 'https': 'http://aaunffrn:lrt42yjm4uxd@45.94.47.66:8110'}
2022-12-22 18:57:26,105 naveenb__ [429] GET https://i.instagram.com/api/v1/users/dolphindronedom/usernameinfo/ (203.0.0.29.118, Xiaomi MI 5s)
2022-12-22 18:57:26,105 Status 429: Too many requests
2022-12-22 18:57:26,105 Please wait a few minutes before you try again.
2022-12-22 18:57:26,105 Setting proxy and trying again (dolphindronedom) will be skipped
2022-12-22 18:57:26,105 {'http': 'http://aaunffrn:lrt42yjm4uxd@188.74.183.10:8279', 'https': 'http://aaunffrn:lrt42yjm4uxd@188.74.183.10:8279'}
2022-12-22 18:57:27,463 naveenb__ [429] GET https://i.instagram.com/api/v1/users/thedaniellecampbell/usernameinfo/ (203.0.0.29.118, Xiaomi MI 5s)
2022-12-22 18:57:27,463 Status 429: Too many requests
2022-12-22 18:57:27,463 Please wait a few minutes before you try again.
2022-12-22 18:57:27,463 Setting proxy and trying again (thedaniellecampbell) will be skipped
2022-12-22 18:57:27,464 {'http': 'http://aaunffrn:lrt42yjm4uxd@188.74.210.207:6286', 'https': 'http://aaunffrn:lrt42yjm4uxd@188.74.210.207:6286'}
2022-12-22 18:57:29,670 naveenb__ [429] GET https://i.instagram.com/api/v1/users/mimikeene3/usernameinfo/ (203.0.0.29.118, Xiaomi MI 5s)
2022-12-22 18:57:29,670 Status 429: Too many requests
2022-12-22 18:57:29,670 Please wait a few minutes before you try again.
2022-12-22 18:57:29,670 Setting proxy and trying again (mimikeene3) will be skipped
2022-12-22 18:57:29,670 {'http': 'http://aaunffrn:lrt42yjm4uxd@185.199.231.45:8382', 'https': 'http://aaunffrn:lrt42yjm4uxd@185.199.231.45:8382'}
2022-12-22 18:57:32,161 naveenb__ [429] GET https://i.instagram.com/api/v1/users/madisonbeer/usernameinfo/ (203.0.0.29.118, Xiaomi MI 5s)
2022-12-22 18:57:32,161 Status 429: Too many requests
2022-12-22 18:57:32,162 Please wait a few minutes before you try again.
2022-12-22 18:57:32,162 Setting proxy and trying again (madisonbeer) will be skipped
2022-12-22 18:57:32,162 {'http': 'http://aaunffrn:lrt42yjm4uxd@188.74.210.207:6286', 'https': 'http://aaunffrn:lrt42yjm4uxd@188.74.210.207:6286'}
2022-12-22 18:57:33,522 naveenb__ [429] GET https://i.instagram.com/api/v1/users/sarahhyland/usernameinfo/ (203.0.0.29.118, Xiaomi MI 5s)
2022-12-22 18:57:33,522 Status 429: Too many requests
2022-12-22 18:57:33,522 Please wait a few minutes before you try again.
2022-12-22 18:57:33,522 Setting proxy and trying again (sarahhyland) will be skipped
2022-12-22 18:57:33,522 {'http': 'http://aaunffrn:lrt42yjm4uxd@154.95.36.199:6893', 'https': 'http://aaunffrn:lrt42yjm4uxd@154.95.36.199:6893'}
2022-12-22 18:57:36,200 naveenb__ [429] GET https://i.instagram.com/api/v1/users/danbilzerian/usernameinfo/ (203.0.0.29.118, Xiaomi MI 5s)
2022-12-22 18:57:36,200 Status 429: Too many requests
2022-12-22 18:57:36,200 Please wait a few minutes before you try again.
2022-12-22 18:57:36,200 Setting proxy and trying again (danbilzerian) will be skipped
2022-12-22 18:57:36,201 {'http': 'http://aaunffrn:lrt42yjm4uxd@185.199.228.220:7300', 'https': 'http://aaunffrn:lrt42yjm4uxd@185.199.228.220:7300'}
2022-12-22 18:57:38,761 naveenb__ [429] GET https://i.instagram.com/api/v1/users/rosiehw/usernameinfo/ (203.0.0.29.118, Xiaomi MI 5s)
2022-12-22 18:57:38,761 Status 429: Too many requests
2022-12-22 18:57:38,761 Please wait a few minutes before you try again.
2022-12-22 18:57:38,761 Setting proxy and trying again (rosiehw) will be skipped
2022-12-22 18:57:38,761 {'http': 'http://aaunffrn:lrt42yjm4uxd@188.74.183.10:8279', 'https': 'http://aaunffrn:lrt42yjm4uxd@188.74.183.10:8279'}
2022-12-22 18:57:40,134 naveenb__ [429] GET https://i.instagram.com/api/v1/users/samantharuthprabhuoffl/usernameinfo/ (203.0.0.29.118, Xiaomi MI 5s)
2022-12-22 18:57:40,134 Status 429: Too many requests
2022-12-22 18:57:40,134 Please wait a few minutes before you try again.
2022-12-22 18:57:40,134 Setting proxy and trying again (samantharuthprabhuoffl) will be skipped
2022-12-22 18:57:40,135 {'http': 'http://aaunffrn:lrt42yjm4uxd@144.168.217.88:8780', 'https': 'http://aaunffrn:lrt42yjm4uxd@144.168.217.88:8780'}
2022-12-22 18:57:45,784 naveenb__ [200] GET https://i.instagram.com/api/v1/users/kyliejenner/usernameinfo/ (203.0.0.29.118, Xiaomi MI 5s)
2022-12-22 18:57:47,528 naveenb__ [200] GET https://i.instagram.com/api/v1/users/iansomerhalder/usernameinfo/ (203.0.0.29.118, Xiaomi MI 5s)
2022-12-22 18:57:49,504 naveenb__ [200] GET https://i.instagram.com/api/v1/users/theellenshow/usernameinfo/ (203.0.0.29.118, Xiaomi MI 5s)
2022-12-22 18:57:51,224 naveenb__ [200] GET https://i.instagram.com/api/v1/users/cristiano/usernameinfo/ (203.0.0.29.118, Xiaomi MI 5s)
2022-12-22 18:57:52,908 naveenb__ [200] GET https://i.instagram.com/api/v1/users/selenagomez/usernameinfo/ (203.0.0.29.118, Xiaomi MI 5s)
2022-12-22 18:57:54,904 naveenb__ [200] GET https://i.instagram.com/api/v1/users/leomessi/usernameinfo/ (203.0.0.29.118, Xiaomi MI 5s)
2022-12-22 18:57:56,761 naveenb__ [200] GET https://i.instagram.com/api/v1/users/therock/usernameinfo/ (203.0.0.29.118, Xiaomi MI 5s)
2022-12-22 18:57:58,586 naveenb__ [200] GET https://i.instagram.com/api/v1/users/harveena.k/usernameinfo/ (203.0.0.29.118, Xiaomi MI 5s)
2022-12-22 18:58:01,011 naveenb__ [200] POST https://i.instagram.com/api/v1/friendships/destroy/352877297/ (203.0.0.29.118, Xiaomi MI 5s)
2022-12-22 18:58:02,601 naveenb__ [200] GET https://i.instagram.com/api/v1/users/itspradabitchh/usernameinfo/ (203.0.0.29.118, Xiaomi MI 5s)
2022-12-22 18:58:04,758 naveenb__ [200] POST https://i.instagram.com/api/v1/friendships/destroy/54051211704/ (203.0.0.29.118, Xiaomi MI 5s)
2022-12-22 18:58:06,473 naveenb__ [200] GET https://i.instagram.com/api/v1/users/samishka_s/usernameinfo/ (203.0.0.29.118, Xiaomi MI 5s)
2022-12-22 18:58:08,722 naveenb__ [200] POST https://i.instagram.com/api/v1/friendships/destroy/1073661209/ (203.0.0.29.118, Xiaomi MI 5s)
2022-12-22 18:58:10,652 naveenb__ [200] GET https://i.instagram.com/api/v1/users/nasa/usernameinfo/ (203.0.0.29.118, Xiaomi MI 5s)
2022-12-22 19:02:26,442 --- LOGGING IN AS naveenb__ ---
2022-12-22 19:02:26,442 Unknown ({})
